Determining if the pthread_create exist failed with the following output:
Change Dir: /home/xqj/catkin_ws/src/cmake-build-debug/CMakeFiles/CMakeTmp

Run Build Command(s):/usr/bin/make cmTC_e217f/fast 
/usr/bin/make -f CMakeFiles/cmTC_e217f.dir/build.make CMakeFiles/cmTC_e217f.dir/build
make[1]: Entering directory '/home/xqj/catkin_ws/src/cmake-build-debug/CMakeFiles/CMakeTmp'
Building C object CMakeFiles/cmTC_e217f.dir/CheckSymbolExists.c.o
/usr/bin/cc    -o CMakeFiles/cmTC_e217f.dir/CheckSymbolExists.c.o   -c /home/xqj/catkin_ws/src/cmake-build-debug/CMakeFiles/CMakeTmp/CheckSymbolExists.c
Linking C executable cmTC_e217f
/home/xqj/下载/clion-2019.2.2/bin/cmake/linux/bin/cmake -E cmake_link_script CMakeFiles/cmTC_e217f.dir/link.txt --verbose=1
/usr/bin/cc      -rdynamic CMakeFiles/cmTC_e217f.dir/CheckSymbolExists.c.o  -o cmTC_e217f 
CMakeFiles/cmTC_e217f.dir/CheckSymbolExists.c.o：在函数‘main’中：
CheckSymbolExists.c:(.text+0x16)：对‘pthread_create’未定义的引用
collect2: error: ld returned 1 exit status
CMakeFiles/cmTC_e217f.dir/build.make:86: recipe for target 'cmTC_e217f' failed
make[1]: *** [cmTC_e217f] Error 1
make[1]: Leaving directory '/home/xqj/catkin_ws/src/cmake-build-debug/CMakeFiles/CMakeTmp'
Makefile:121: recipe for target 'cmTC_e217f/fast' failed
make: *** [cmTC_e217f/fast] Error 2

File /home/xqj/catkin_ws/src/cmake-build-debug/CMakeFiles/CMakeTmp/CheckSymbolExists.c:
/* */
#include <pthread.h>

int main(int argc, char** argv)
{
  (void)argv;
#ifndef pthread_create
  return ((int*)(&pthread_create))[argc];
#else
  (void)argc;
  return 0;
#endif
}

Determining if the function pthread_create exists in the pthreads failed with the following output:
Change Dir: /home/xqj/catkin_ws/src/cmake-build-debug/CMakeFiles/CMakeTmp

Run Build Command(s):/usr/bin/make cmTC_6ac6e/fast 
/usr/bin/make -f CMakeFiles/cmTC_6ac6e.dir/build.make CMakeFiles/cmTC_6ac6e.dir/build
make[1]: Entering directory '/home/xqj/catkin_ws/src/cmake-build-debug/CMakeFiles/CMakeTmp'
Building C object CMakeFiles/cmTC_6ac6e.dir/CheckFunctionExists.c.o
/usr/bin/cc   -DCHECK_FUNCTION_EXISTS=pthread_create   -o CMakeFiles/cmTC_6ac6e.dir/CheckFunctionExists.c.o   -c /home/xqj/下载/clion-2019.2.2/bin/cmake/linux/share/cmake-3.14/Modules/CheckFunctionExists.c
Linking C executable cmTC_6ac6e
/home/xqj/下载/clion-2019.2.2/bin/cmake/linux/bin/cmake -E cmake_link_script CMakeFiles/cmTC_6ac6e.dir/link.txt --verbose=1
/usr/bin/cc  -DCHECK_FUNCTION_EXISTS=pthread_create    -rdynamic CMakeFiles/cmTC_6ac6e.dir/CheckFunctionExists.c.o  -o cmTC_6ac6e -lpthreads 
/usr/bin/ld: 找不到 -lpthreads
collect2: error: ld returned 1 exit status
CMakeFiles/cmTC_6ac6e.dir/build.make:86: recipe for target 'cmTC_6ac6e' failed
make[1]: *** [cmTC_6ac6e] Error 1
make[1]: Leaving directory '/home/xqj/catkin_ws/src/cmake-build-debug/CMakeFiles/CMakeTmp'
Makefile:121: recipe for target 'cmTC_6ac6e/fast' failed
make: *** [cmTC_6ac6e/fast] Error 2


